# JRE version: Java(TM) SE Runtime Environment (8.0_121-b13) (build 1.8.0_121-b13)
# Java VM: Java HotSpot(TM) 64-Bit Server VM (25.121-b13 mixed mode windows-amd64 compressed oops)
Heap:
 PSYoungGen      total 210432K, used 69791K [0x00000000d5b80000, 0x00000000e7680000, 0x0000000100000000)
  eden space 193536K, 32% used [0x00000000d5b80000,0x00000000d99620a8,0x00000000e1880000)
  from space 16896K, 38% used [0x00000000e1880000,0x00000000e1ec5c88,0x00000000e2900000)
  to   space 16896K, 0% used [0x00000000e6600000,0x00000000e6600000,0x00000000e7680000)
 ParOldGen       total 84992K, used 21987K [0x0000000081200000, 0x0000000086500000, 0x00000000d5b80000)
  object space 84992K, 25% used [0x0000000081200000,0x0000000082778e88,0x0000000086500000)
 Metaspace       used 42784K, capacity 43348K, committed 43520K, reserved 1087488K
  class space    used 5200K, capacity 5368K, committed 5376K, reserved 1048576K
GC Heap History (10 events):
Event: 8.020 GC heap before
{Heap before GC invocations=7 (full 1):
 PSYoungGen      total 71680K, used 71497K [0x00000000d5b80000, 0x00000000ddf80000, 0x0000000100000000)
  eden space 66560K, 100% used [0x00000000d5b80000,0x00000000d9c80000,0x00000000d9c80000)
  from space 5120K, 96% used [0x00000000d9c80000,0x00000000da152680,0x00000000da180000)
  to   space 8704K, 0% used [0x00000000dd700000,0x00000000dd700000,0x00000000ddf80000)
 ParOldGen       total 52224K, used 7085K [0x0000000081200000, 0x0000000084500000, 0x00000000d5b80000)
  object space 52224K, 13% used [0x0000000081200000,0x00000000818eb518,0x0000000084500000)
 Metaspace       used 28216K, capacity 28576K, committed 29056K, reserved 1075200K
  class space    used 3496K, capacity 3623K, committed 3712K, reserved 1048576K
Event: 8.105 GC heap after
Heap after GC invocations=7 (full 1):
 PSYoungGen      total 123904K, used 8686K [0x00000000d5b80000, 0x00000000de380000, 0x0000000100000000)
  eden space 115200K, 0% used [0x00000000d5b80000,0x00000000d5b80000,0x00000000dcc00000)
  from space 8704K, 99% used [0x00000000dd700000,0x00000000ddf7b878,0x00000000ddf80000)
  to   space 11264K, 0% used [0x00000000dcc00000,0x00000000dcc00000,0x00000000dd700000)
 ParOldGen       total 52224K, used 9863K [0x0000000081200000, 0x0000000084500000, 0x00000000d5b80000)
  object space 52224K, 18% used [0x0000000081200000,0x0000000081ba1c70,0x0000000084500000)
 Metaspace       used 28216K, capacity 28576K, committed 29056K, reserved 1075200K
  class space    used 3496K, capacity 3623K, committed 3712K, reserved 1048576K
}
Event: 10.532 GC heap before
{Heap before GC invocations=8 (full 1):
 PSYoungGen      total 123904K, used 123886K [0x00000000d5b80000, 0x00000000de380000, 0x0000000100000000)
  eden space 115200K, 100% used [0x00000000d5b80000,0x00000000dcc00000,0x00000000dcc00000)
  from space 8704K, 99% used [0x00000000dd700000,0x00000000ddf7b878,0x00000000ddf80000)
  to   space 11264K, 0% used [0x00000000dcc00000,0x00000000dcc00000,0x00000000dd700000)
 ParOldGen       total 52224K, used 9863K [0x0000000081200000, 0x0000000084500000, 0x00000000d5b80000)
  object space 52224K, 18% used [0x0000000081200000,0x0000000081ba1c70,0x0000000084500000)
 Metaspace       used 33255K, capacity 33694K, committed 33920K, reserved 1079296K
  class space    used 4097K, capacity 4220K, committed 4224K, reserved 1048576K
Event: 10.562 GC heap after
Heap after GC invocations=8 (full 1):
 PSYoungGen      total 126464K, used 11234K [0x00000000d5b80000, 0x00000000e3800000, 0x0000000100000000)
  eden space 115200K, 0% used [0x00000000d5b80000,0x00000000d5b80000,0x00000000dcc00000)
  from space 11264K, 99% used [0x00000000dcc00000,0x00000000dd6f89a0,0x00000000dd700000)
  to   space 14336K, 0% used [0x00000000e2a00000,0x00000000e2a00000,0x00000000e3800000)
 ParOldGen       total 52224K, used 13763K [0x0000000081200000, 0x0000000084500000, 0x00000000d5b80000)
  object space 52224K, 26% used [0x0000000081200000,0x0000000081f70f70,0x0000000084500000)
 Metaspace       used 33255K, capacity 33694K, committed 33920K, reserved 1079296K
  class space    used 4097K, capacity 4220K, committed 4224K, reserved 1048576K
}
Event: 11.928 GC heap before
{Heap before GC invocations=9 (full 1):
 PSYoungGen      total 126464K, used 91951K [0x00000000d5b80000, 0x00000000e3800000, 0x0000000100000000)
  eden space 115200K, 70% used [0x00000000d5b80000,0x00000000daa535e8,0x00000000dcc00000)
  from space 11264K, 99% used [0x00000000dcc00000,0x00000000dd6f89a0,0x00000000dd700000)
  to   space 14336K, 0% used [0x00000000e2a00000,0x00000000e2a00000,0x00000000e3800000)
 ParOldGen       total 52224K, used 13763K [0x0000000081200000, 0x0000000084500000, 0x00000000d5b80000)
  object space 52224K, 26% used [0x0000000081200000,0x0000000081f70f70,0x0000000084500000)
 Metaspace       used 34735K, capacity 35232K, committed 35456K, reserved 1081344K
  class space    used 4287K, capacity 4423K, committed 4480K, reserved 1048576K
Event: 11.964 GC heap after
Heap after GC invocations=9 (full 1):
 PSYoungGen      total 207872K, used 14322K [0x00000000d5b80000, 0x00000000e3980000, 0x0000000100000000)
  eden space 193536K, 0% used [0x00000000d5b80000,0x00000000d5b80000,0x00000000e1880000)
  from space 14336K, 99% used [0x00000000e2a00000,0x00000000e37fc9b0,0x00000000e3800000)
  to   space 16896K, 0% used [0x00000000e1880000,0x00000000e1880000,0x00000000e2900000)
 ParOldGen       total 52224K, used 14921K [0x0000000081200000, 0x0000000084500000, 0x00000000d5b80000)
  object space 52224K, 28% used [0x0000000081200000,0x0000000082092498,0x0000000084500000)
 Metaspace       used 34735K, capacity 35232K, committed 35456K, reserved 1081344K
  class space    used 4287K, capacity 4423K, committed 4480K, reserved 1048576K
}
Event: 11.964 GC heap before
{Heap before GC invocations=10 (full 2):
 PSYoungGen      total 207872K, used 14322K [0x00000000d5b80000, 0x00000000e3980000, 0x0000000100000000)
  eden space 193536K, 0% used [0x00000000d5b80000,0x00000000d5b80000,0x00000000e1880000)
  from space 14336K, 99% used [0x00000000e2a00000,0x00000000e37fc9b0,0x00000000e3800000)
  to   space 16896K, 0% used [0x00000000e1880000,0x00000000e1880000,0x00000000e2900000)
 ParOldGen       total 52224K, used 14921K [0x0000000081200000, 0x0000000084500000, 0x00000000d5b80000)
  object space 52224K, 28% used [0x0000000081200000,0x0000000082092498,0x0000000084500000)
 Metaspace       used 34735K, capacity 35232K, committed 35456K, reserved 1081344K
  class space    used 4287K, capacity 4423K, committed 4480K, reserved 1048576K
Event: 12.271 GC heap after
Heap after GC invocations=10 (full 2):
 PSYoungGen      total 207872K, used 0K [0x00000000d5b80000, 0x00000000e3980000, 0x0000000100000000)
  eden space 193536K, 0% used [0x00000000d5b80000,0x00000000d5b80000,0x00000000e1880000)
  from space 14336K, 0% used [0x00000000e2a00000,0x00000000e2a00000,0x00000000e3800000)
  to   space 16896K, 0% used [0x00000000e1880000,0x00000000e1880000,0x00000000e2900000)
 ParOldGen       total 84992K, used 21979K [0x0000000081200000, 0x0000000086500000, 0x00000000d5b80000)
  object space 84992K, 25% used [0x0000000081200000,0x0000000082776e88,0x0000000086500000)
 Metaspace       used 34735K, capacity 35232K, committed 35456K, reserved 1081344K
  class space    used 4287K, capacity 4423K, committed 4480K, reserved 1048576K
}
Event: 357.645 GC heap before
{Heap before GC invocations=11 (full 2):
 PSYoungGen      total 207872K, used 193536K [0x00000000d5b80000, 0x00000000e3980000, 0x0000000100000000)
  eden space 193536K, 100% used [0x00000000d5b80000,0x00000000e1880000,0x00000000e1880000)
  from space 14336K, 0% used [0x00000000e2a00000,0x00000000e2a00000,0x00000000e3800000)
  to   space 16896K, 0% used [0x00000000e1880000,0x00000000e1880000,0x00000000e2900000)
 ParOldGen       total 84992K, used 21979K [0x0000000081200000, 0x0000000086500000, 0x00000000d5b80000)
  object space 84992K, 25% used [0x0000000081200000,0x0000000082776e88,0x0000000086500000)
 Metaspace       used 38739K, capacity 39348K, committed 39552K, reserved 1083392K
  class space    used 4781K, capacity 4952K, committed 4992K, reserved 1048576K
Event: 357.661 GC heap after
Heap after GC invocations=11 (full 2):
 PSYoungGen      total 210432K, used 6423K [0x00000000d5b80000, 0x00000000e7680000, 0x0000000100000000)
  eden space 193536K, 0% used [0x00000000d5b80000,0x00000000d5b80000,0x00000000e1880000)
  from space 16896K, 38% used [0x00000000e1880000,0x00000000e1ec5c88,0x00000000e2900000)
  to   space 16896K, 0% used [0x00000000e6600000,0x00000000e6600000,0x00000000e7680000)
 ParOldGen       total 84992K, used 21987K [0x0000000081200000, 0x0000000086500000, 0x00000000d5b80000)
  object space 84992K, 25% used [0x0000000081200000,0x0000000082778e88,0x0000000086500000)
 Metaspace       used 38739K, capacity 39348K, committed 39552K, reserved 1083392K
  class space    used 4781K, capacity 4952K, committed 4992K, reserved 1048576K
}

