# JRE version: Java(TM) SE Runtime Environment (8.0_121-b13) (build 1.8.0_121-b13)
# Java VM: Java HotSpot(TM) 64-Bit Server VM (25.121-b13 mixed mode windows-amd64 compressed oops)
Heap:
 PSYoungGen      total 342528K, used 176565K [0x00000000d5b80000, 0x00000000ed700000, 0x0000000100000000)
  eden space 327168K, 49% used [0x00000000d5b80000,0x00000000df8f3cb0,0x00000000e9b00000)
  from space 15360K, 99% used [0x00000000ec800000,0x00000000ed6f9a60,0x00000000ed700000)
  to   space 17920K, 0% used [0x00000000eb400000,0x00000000eb400000,0x00000000ec580000)
 ParOldGen       total 93184K, used 22083K [0x0000000081200000, 0x0000000086d00000, 0x00000000d5b80000)
  object space 93184K, 23% used [0x0000000081200000,0x0000000082790e40,0x0000000086d00000)
 Metaspace       used 51860K, capacity 52630K, committed 52696K, reserved 1095680K
  class space    used 5902K, capacity 6114K, committed 6144K, reserved 1048576K
GC Heap History (10 events):
Event: 6.621 GC heap before
{Heap before GC invocations=6 (full 1):
 PSYoungGen      total 138240K, used 133120K [0x00000000d5b80000, 0x00000000de780000, 0x0000000100000000)
  eden space 133120K, 100% used [0x00000000d5b80000,0x00000000ddd80000,0x00000000ddd80000)
  from space 5120K, 0% used [0x00000000de280000,0x00000000de280000,0x00000000de780000)
  to   space 5120K, 0% used [0x00000000ddd80000,0x00000000ddd80000,0x00000000de280000)
 ParOldGen       total 57856K, used 8616K [0x0000000081200000, 0x0000000084a80000, 0x00000000d5b80000)
  object space 57856K, 14% used [0x0000000081200000,0x0000000081a6a058,0x0000000084a80000)
 Metaspace       used 29447K, capacity 29976K, committed 30208K, reserved 1075200K
  class space    used 3659K, capacity 3797K, committed 3840K, reserved 1048576K
Event: 6.656 GC heap after
Heap after GC invocations=6 (full 1):
 PSYoungGen      total 138240K, used 5104K [0x00000000d5b80000, 0x00000000e4c80000, 0x0000000100000000)
  eden space 133120K, 0% used [0x00000000d5b80000,0x00000000d5b80000,0x00000000ddd80000)
  from space 5120K, 99% used [0x00000000ddd80000,0x00000000de27c040,0x00000000de280000)
  to   space 14848K, 0% used [0x00000000e3e00000,0x00000000e3e00000,0x00000000e4c80000)
 ParOldGen       total 57856K, used 18721K [0x0000000081200000, 0x0000000084a80000, 0x00000000d5b80000)
  object space 57856K, 32% used [0x0000000081200000,0x00000000824484d0,0x0000000084a80000)
 Metaspace       used 29447K, capacity 29976K, committed 30208K, reserved 1075200K
  class space    used 3659K, capacity 3797K, committed 3840K, reserved 1048576K
}
Event: 8.366 GC heap before
{Heap before GC invocations=7 (full 1):
 PSYoungGen      total 138240K, used 138224K [0x00000000d5b80000, 0x00000000e4c80000, 0x0000000100000000)
  eden space 133120K, 100% used [0x00000000d5b80000,0x00000000ddd80000,0x00000000ddd80000)
  from space 5120K, 99% used [0x00000000ddd80000,0x00000000de27c040,0x00000000de280000)
  to   space 14848K, 0% used [0x00000000e3e00000,0x00000000e3e00000,0x00000000e4c80000)
 ParOldGen       total 57856K, used 18721K [0x0000000081200000, 0x0000000084a80000, 0x00000000d5b80000)
  object space 57856K, 32% used [0x0000000081200000,0x00000000824484d0,0x0000000084a80000)
 Metaspace       used 34312K, capacity 34924K, committed 35200K, reserved 1079296K
  class space    used 4227K, capacity 4387K, committed 4480K, reserved 1048576K
Event: 8.398 GC heap after
Heap after GC invocations=7 (full 1):
 PSYoungGen      total 224768K, used 11864K [0x00000000d5b80000, 0x00000000e4a00000, 0x0000000100000000)
  eden space 212480K, 0% used [0x00000000d5b80000,0x00000000d5b80000,0x00000000e2b00000)
  from space 12288K, 96% used [0x00000000e3e00000,0x00000000e49960f0,0x00000000e4a00000)
  to   space 15360K, 0% used [0x00000000e2c00000,0x00000000e2c00000,0x00000000e3b00000)
 ParOldGen       total 57856K, used 18793K [0x0000000081200000, 0x0000000084a80000, 0x00000000d5b80000)
  object space 57856K, 32% used [0x0000000081200000,0x000000008245a4e0,0x0000000084a80000)
 Metaspace       used 34312K, capacity 34924K, committed 35200K, reserved 1079296K
  class space    used 4227K, capacity 4387K, committed 4480K, reserved 1048576K
}
Event: 8.642 GC heap before
{Heap before GC invocations=8 (full 1):
 PSYoungGen      total 224768K, used 36789K [0x00000000d5b80000, 0x00000000e4a00000, 0x0000000100000000)
  eden space 212480K, 11% used [0x00000000d5b80000,0x00000000d73d73f8,0x00000000e2b00000)
  from space 12288K, 96% used [0x00000000e3e00000,0x00000000e49960f0,0x00000000e4a00000)
  to   space 15360K, 0% used [0x00000000e2c00000,0x00000000e2c00000,0x00000000e3b00000)
 ParOldGen       total 57856K, used 18793K [0x0000000081200000, 0x0000000084a80000, 0x00000000d5b80000)
  object space 57856K, 32% used [0x0000000081200000,0x000000008245a4e0,0x0000000084a80000)
 Metaspace       used 34770K, capacity 35314K, committed 35416K, reserved 1081344K
  class space    used 4290K, capacity 4452K, committed 4480K, reserved 1048576K
Event: 8.667 GC heap after
Heap after GC invocations=8 (full 1):
 PSYoungGen      total 228864K, used 10946K [0x00000000d5b80000, 0x00000000ed700000, 0x0000000100000000)
  eden space 213504K, 0% used [0x00000000d5b80000,0x00000000d5b80000,0x00000000e2c00000)
  from space 15360K, 71% used [0x00000000e2c00000,0x00000000e36b0a78,0x00000000e3b00000)
  to   space 15360K, 0% used [0x00000000ec800000,0x00000000ec800000,0x00000000ed700000)
 ParOldGen       total 57856K, used 18801K [0x0000000081200000, 0x0000000084a80000, 0x00000000d5b80000)
  object space 57856K, 32% used [0x0000000081200000,0x000000008245c4e0,0x0000000084a80000)
 Metaspace       used 34770K, capacity 35314K, committed 35416K, reserved 1081344K
  class space    used 4290K, capacity 4452K, committed 4480K, reserved 1048576K
}
Event: 8.667 GC heap before
{Heap before GC invocations=9 (full 2):
 PSYoungGen      total 228864K, used 10946K [0x00000000d5b80000, 0x00000000ed700000, 0x0000000100000000)
  eden space 213504K, 0% used [0x00000000d5b80000,0x00000000d5b80000,0x00000000e2c00000)
  from space 15360K, 71% used [0x00000000e2c00000,0x00000000e36b0a78,0x00000000e3b00000)
  to   space 15360K, 0% used [0x00000000ec800000,0x00000000ec800000,0x00000000ed700000)
 ParOldGen       total 57856K, used 18801K [0x0000000081200000, 0x0000000084a80000, 0x00000000d5b80000)
  object space 57856K, 32% used [0x0000000081200000,0x000000008245c4e0,0x0000000084a80000)
 Metaspace       used 34770K, capacity 35314K, committed 35416K, reserved 1081344K
  class space    used 4290K, capacity 4452K, committed 4480K, reserved 1048576K
Event: 8.872 GC heap after
Heap after GC invocations=9 (full 2):
 PSYoungGen      total 228864K, used 0K [0x00000000d5b80000, 0x00000000ed700000, 0x0000000100000000)
  eden space 213504K, 0% used [0x00000000d5b80000,0x00000000d5b80000,0x00000000e2c00000)
  from space 15360K, 0% used [0x00000000e2c00000,0x00000000e2c00000,0x00000000e3b00000)
  to   space 15360K, 0% used [0x00000000ec800000,0x00000000ec800000,0x00000000ed700000)
 ParOldGen       total 93184K, used 21045K [0x0000000081200000, 0x0000000086d00000, 0x00000000d5b80000)
  object space 93184K, 22% used [0x0000000081200000,0x000000008268d7b8,0x0000000086d00000)
 Metaspace       used 34770K, capacity 35314K, committed 35416K, reserved 1081344K
  class space    used 4290K, capacity 4452K, committed 4480K, reserved 1048576K
}
Event: 26.891 GC heap before
{Heap before GC invocations=10 (full 2):
 PSYoungGen      total 228864K, used 213504K [0x00000000d5b80000, 0x00000000ed700000, 0x0000000100000000)
  eden space 213504K, 100% used [0x00000000d5b80000,0x00000000e2c00000,0x00000000e2c00000)
  from space 15360K, 0% used [0x00000000e2c00000,0x00000000e2c00000,0x00000000e3b00000)
  to   space 15360K, 0% used [0x00000000ec800000,0x00000000ec800000,0x00000000ed700000)
 ParOldGen       total 93184K, used 21045K [0x0000000081200000, 0x0000000086d00000, 0x00000000d5b80000)
  object space 93184K, 22% used [0x0000000081200000,0x000000008268d7b8,0x0000000086d00000)
 Metaspace       used 47348K, capacity 47968K, committed 48216K, reserved 1091584K
  class space    used 5544K, capacity 5727K, committed 5760K, reserved 1048576K
Event: 26.914 GC heap after
Heap after GC invocations=10 (full 2):
 PSYoungGen      total 342528K, used 15334K [0x00000000d5b80000, 0x00000000ed700000, 0x0000000100000000)
  eden space 327168K, 0% used [0x00000000d5b80000,0x00000000d5b80000,0x00000000e9b00000)
  from space 15360K, 99% used [0x00000000ec800000,0x00000000ed6f9a60,0x00000000ed700000)
  to   space 17920K, 0% used [0x00000000eb400000,0x00000000eb400000,0x00000000ec580000)
 ParOldGen       total 93184K, used 22083K [0x0000000081200000, 0x0000000086d00000, 0x00000000d5b80000)
  object space 93184K, 23% used [0x0000000081200000,0x0000000082790e40,0x0000000086d00000)
 Metaspace       used 47348K, capacity 47968K, committed 48216K, reserved 1091584K
  class space    used 5544K, capacity 5727K, committed 5760K, reserved 1048576K
}

