# JRE version: Java(TM) SE Runtime Environment (8.0_121-b13) (build 1.8.0_121-b13)
# Java VM: Java HotSpot(TM) 64-Bit Server VM (25.121-b13 mixed mode windows-amd64 compressed oops)
Heap:
 PSYoungGen      total 672768K, used 136955K [0x00000000d5b80000, 0x0000000100000000, 0x0000000100000000)
  eden space 653824K, 20% used [0x00000000d5b80000,0x00000000de12ede8,0x00000000fda00000)
  from space 18944K, 0% used [0x00000000fed80000,0x00000000fed90000,0x0000000100000000)
  to   space 19456K, 0% used [0x00000000fda00000,0x00000000fda00000,0x00000000fed00000)
 ParOldGen       total 81408K, used 28667K [0x0000000081200000, 0x0000000086180000, 0x00000000d5b80000)
  object space 81408K, 35% used [0x0000000081200000,0x0000000082dfeee0,0x0000000086180000)
 Metaspace       used 46924K, capacity 47470K, committed 47744K, reserved 1091584K
  class space    used 5516K, capacity 5658K, committed 5760K, reserved 1048576K
GC Heap History (10 events):
Event: 266.915 GC heap before
{Heap before GC invocations=10 (full 2):
 PSYoungGen      total 246272K, used 230912K [0x00000000d5b80000, 0x00000000f0880000, 0x0000000100000000)
  eden space 230912K, 100% used [0x00000000d5b80000,0x00000000e3d00000,0x00000000e3d00000)
  from space 15360K, 0% used [0x00000000e3d00000,0x00000000e3d00000,0x00000000e4c00000)
  to   space 15872K, 0% used [0x00000000ef900000,0x00000000ef900000,0x00000000f0880000)
 ParOldGen       total 81408K, used 21747K [0x0000000081200000, 0x0000000086180000, 0x00000000d5b80000)
  object space 81408K, 26% used [0x0000000081200000,0x000000008273cc30,0x0000000086180000)
 Metaspace       used 46889K, capacity 47470K, committed 47744K, reserved 1091584K
  class space    used 5516K, capacity 5658K, committed 5760K, reserved 1048576K
Event: 266.943 GC heap after
Heap after GC invocations=10 (full 2):
 PSYoungGen      total 407552K, used 15235K [0x00000000d5b80000, 0x00000000f0800000, 0x0000000100000000)
  eden space 392192K, 0% used [0x00000000d5b80000,0x00000000d5b80000,0x00000000eda80000)
  from space 15360K, 99% used [0x00000000ef900000,0x00000000f07e0c18,0x00000000f0800000)
  to   space 17408K, 0% used [0x00000000ee600000,0x00000000ee600000,0x00000000ef700000)
 ParOldGen       total 81408K, used 21755K [0x0000000081200000, 0x0000000086180000, 0x00000000d5b80000)
  object space 81408K, 26% used [0x0000000081200000,0x000000008273ec30,0x0000000086180000)
 Metaspace       used 46889K, capacity 47470K, committed 47744K, reserved 1091584K
  class space    used 5516K, capacity 5658K, committed 5760K, reserved 1048576K
}
Event: 1628.389 GC heap before
{Heap before GC invocations=11 (full 2):
 PSYoungGen      total 407552K, used 407427K [0x00000000d5b80000, 0x00000000f0800000, 0x0000000100000000)
  eden space 392192K, 100% used [0x00000000d5b80000,0x00000000eda80000,0x00000000eda80000)
  from space 15360K, 99% used [0x00000000ef900000,0x00000000f07e0c18,0x00000000f0800000)
  to   space 17408K, 0% used [0x00000000ee600000,0x00000000ee600000,0x00000000ef700000)
 ParOldGen       total 81408K, used 21755K [0x0000000081200000, 0x0000000086180000, 0x00000000d5b80000)
  object space 81408K, 26% used [0x0000000081200000,0x000000008273ec30,0x0000000086180000)
 Metaspace       used 46912K, capacity 47470K, committed 47744K, reserved 1091584K
  class space    used 5516K, capacity 5658K, committed 5760K, reserved 1048576K
Event: 1628.405 GC heap after
Heap after GC invocations=11 (full 2):
 PSYoungGen      total 421376K, used 6974K [0x00000000d5b80000, 0x00000000f8e80000, 0x0000000100000000)
  eden space 403968K, 0% used [0x00000000d5b80000,0x00000000d5b80000,0x00000000ee600000)
  from space 17408K, 40% used [0x00000000ee600000,0x00000000eeccfba8,0x00000000ef700000)
  to   space 17408K, 0% used [0x00000000f7d80000,0x00000000f7d80000,0x00000000f8e80000)
 ParOldGen       total 81408K, used 21763K [0x0000000081200000, 0x0000000086180000, 0x00000000d5b80000)
  object space 81408K, 26% used [0x0000000081200000,0x0000000082740c30,0x0000000086180000)
 Metaspace       used 46912K, capacity 47470K, committed 47744K, reserved 1091584K
  class space    used 5516K, capacity 5658K, committed 5760K, reserved 1048576K
}
Event: 3028.082 GC heap before
{Heap before GC invocations=12 (full 2):
 PSYoungGen      total 421376K, used 410942K [0x00000000d5b80000, 0x00000000f8e80000, 0x0000000100000000)
  eden space 403968K, 100% used [0x00000000d5b80000,0x00000000ee600000,0x00000000ee600000)
  from space 17408K, 40% used [0x00000000ee600000,0x00000000eeccfba8,0x00000000ef700000)
  to   space 17408K, 0% used [0x00000000f7d80000,0x00000000f7d80000,0x00000000f8e80000)
 ParOldGen       total 81408K, used 21763K [0x0000000081200000, 0x0000000086180000, 0x00000000d5b80000)
  object space 81408K, 26% used [0x0000000081200000,0x0000000082740c30,0x0000000086180000)
 Metaspace       used 46917K, capacity 47470K, committed 47744K, reserved 1091584K
  class space    used 5516K, capacity 5658K, committed 5760K, reserved 1048576K
Event: 3028.097 GC heap after
Heap after GC invocations=12 (full 2):
 PSYoungGen      total 558080K, used 96K [0x00000000d5b80000, 0x00000000f9000000, 0x0000000100000000)
  eden space 540672K, 0% used [0x00000000d5b80000,0x00000000d5b80000,0x00000000f6b80000)
  from space 17408K, 0% used [0x00000000f7d80000,0x00000000f7d98000,0x00000000f8e80000)
  to   space 18432K, 0% used [0x00000000f6b80000,0x00000000f6b80000,0x00000000f7d80000)
 ParOldGen       total 81408K, used 28651K [0x0000000081200000, 0x0000000086180000, 0x00000000d5b80000)
  object space 81408K, 35% used [0x0000000081200000,0x0000000082dfaee0,0x0000000086180000)
 Metaspace       used 46917K, capacity 47470K, committed 47744K, reserved 1091584K
  class space    used 5516K, capacity 5658K, committed 5760K, reserved 1048576K
}
Event: 4921.794 GC heap before
{Heap before GC invocations=13 (full 2):
 PSYoungGen      total 558080K, used 540768K [0x00000000d5b80000, 0x00000000f9000000, 0x0000000100000000)
  eden space 540672K, 100% used [0x00000000d5b80000,0x00000000f6b80000,0x00000000f6b80000)
  from space 17408K, 0% used [0x00000000f7d80000,0x00000000f7d98000,0x00000000f8e80000)
  to   space 18432K, 0% used [0x00000000f6b80000,0x00000000f6b80000,0x00000000f7d80000)
 ParOldGen       total 81408K, used 28651K [0x0000000081200000, 0x0000000086180000, 0x00000000d5b80000)
  object space 81408K, 35% used [0x0000000081200000,0x0000000082dfaee0,0x0000000086180000)
 Metaspace       used 46918K, capacity 47470K, committed 47744K, reserved 1091584K
  class space    used 5516K, capacity 5658K, committed 5760K, reserved 1048576K
Event: 4921.796 GC heap after
Heap after GC invocations=13 (full 2):
 PSYoungGen      total 559104K, used 64K [0x00000000d5b80000, 0x0000000100000000, 0x0000000100000000)
  eden space 540672K, 0% used [0x00000000d5b80000,0x00000000d5b80000,0x00000000f6b80000)
  from space 18432K, 0% used [0x00000000f6b80000,0x00000000f6b90000,0x00000000f7d80000)
  to   space 18944K, 0% used [0x00000000fed80000,0x00000000fed80000,0x0000000100000000)
 ParOldGen       total 81408K, used 28659K [0x0000000081200000, 0x0000000086180000, 0x00000000d5b80000)
  object space 81408K, 35% used [0x0000000081200000,0x0000000082dfcee0,0x0000000086180000)
 Metaspace       used 46918K, capacity 47470K, committed 47744K, reserved 1091584K
  class space    used 5516K, capacity 5658K, committed 5760K, reserved 1048576K
}
Event: 6813.942 GC heap before
{Heap before GC invocations=14 (full 2):
 PSYoungGen      total 559104K, used 540736K [0x00000000d5b80000, 0x0000000100000000, 0x0000000100000000)
  eden space 540672K, 100% used [0x00000000d5b80000,0x00000000f6b80000,0x00000000f6b80000)
  from space 18432K, 0% used [0x00000000f6b80000,0x00000000f6b90000,0x00000000f7d80000)
  to   space 18944K, 0% used [0x00000000fed80000,0x00000000fed80000,0x0000000100000000)
 ParOldGen       total 81408K, used 28659K [0x0000000081200000, 0x0000000086180000, 0x00000000d5b80000)
  object space 81408K, 35% used [0x0000000081200000,0x0000000082dfcee0,0x0000000086180000)
 Metaspace       used 46923K, capacity 47470K, committed 47744K, reserved 1091584K
  class space    used 5516K, capacity 5658K, committed 5760K, reserved 1048576K
Event: 6813.964 GC heap after
Heap after GC invocations=14 (full 2):
 PSYoungGen      total 672768K, used 64K [0x00000000d5b80000, 0x0000000100000000, 0x0000000100000000)
  eden space 653824K, 0% used [0x00000000d5b80000,0x00000000d5b80000,0x00000000fda00000)
  from space 18944K, 0% used [0x00000000fed80000,0x00000000fed90000,0x0000000100000000)
  to   space 19456K, 0% used [0x00000000fda00000,0x00000000fda00000,0x00000000fed00000)
 ParOldGen       total 81408K, used 28667K [0x0000000081200000, 0x0000000086180000, 0x00000000d5b80000)
  object space 81408K, 35% used [0x0000000081200000,0x0000000082dfeee0,0x0000000086180000)
 Metaspace       used 46923K, capacity 47470K, committed 47744K, reserved 1091584K
  class space    used 5516K, capacity 5658K, committed 5760K, reserved 1048576K
}

